[debug] [2023-10-17T19:43:36.230Z] ----------------------------------------------------------------------
[debug] [2023-10-17T19:43:36.235Z] Command:       C:\Program Files\nodejs\node.exe C:\Users\Dell\AppData\Roaming\npm\node_modules\firebase-tools\lib\bin\firebase.js init
[debug] [2023-10-17T19:43:36.236Z] CLI Version:   12.7.0
[debug] [2023-10-17T19:43:36.237Z] Platform:      win32
[debug] [2023-10-17T19:43:36.238Z] Node Version:  v18.16.1
[debug] [2023-10-17T19:43:36.259Z] Time:          Wed Oct 18 2023 01:13:36 GMT+0530 (India Standard Time)
[debug] [2023-10-17T19:43:36.260Z] ----------------------------------------------------------------------
[debug] 
[debug] [2023-10-17T19:43:36.383Z] > command requires scopes: ["email","openid","https://www.googleapis.com/auth/cloudplatformprojects.readonly","https://www.googleapis.com/auth/firebase","https://www.googleapis.com/auth/cloud-platform"]
[debug] [2023-10-17T19:43:36.384Z] > authorizing via signed-in user (aryan03pandey@gmail.com)
[info] 
     ######## #### ########  ######## ########     ###     ######  ########
     ##        ##  ##     ## ##       ##     ##  ##   ##  ##       ##
     ######    ##  ########  ######   ########  #########  ######  ######
     ##        ##  ##    ##  ##       ##     ## ##     ##       ## ##
     ##       #### ##     ## ######## ########  ##     ##  ######  ########

You're about to initialize a Firebase project in this directory:

  C:\Users\Dell\Desktop\Netflix\netflix-clone

Before we get started, keep in mind:

  * You are initializing within an existing Firebase project directory

